[ 2017-12-01T08:51:32+08:00 ] ::1 /kintime/index.php/Htai/Index/ajax_go.html
INFO: [ app_begin ] --START--
INFO: Run Behavior\ReadHtmlCacheBehavior [ RunTime:0.000307s ]
INFO: [ app_begin ] --END-- [ RunTime:0.000568s ]
NOTIC: [8192] mysql_connect(): The mysql extension is deprecated and will be removed in the future: use mysqli or PDO instead D:\wamp64\www\kintime\ThinkPHP\Library\Think\Db\Driver\Mysql.class.php 第 52 行.
SQL: SHOW COLUMNS FROM `gluser` [ RunTime:0.001506s ]
SQL: SELECT * FROM `gluser` WHERE ( name= 'admin' and pass = 'e10adc3949ba59abbe56e057f20f883e' )  [ RunTime:0.001117s ]
INFO: [ app_end ] --START--
INFO: Run Behavior\ShowPageTraceBehavior [ RunTime:0.000382s ]
INFO: [ app_end ] --END-- [ RunTime:0.000461s ]

[ 2017-12-01T09:35:11+08:00 ] ::1 /kintime/index.php/Htai/Index/ajax_go.html
INFO: [ app_begin ] --START--
INFO: Run Behavior\ReadHtmlCacheBehavior [ RunTime:0.000358s ]
INFO: [ app_begin ] --END-- [ RunTime:0.000669s ]
NOTIC: [8192] mysql_connect(): The mysql extension is deprecated and will be removed in the future: use mysqli or PDO instead D:\wamp64\www\kintime\ThinkPHP\Library\Think\Db\Driver\Mysql.class.php 第 52 行.
SQL: SHOW COLUMNS FROM `gluser` [ RunTime:0.001695s ]
SQL: SELECT * FROM `gluser` WHERE ( name= 'admin' and pass = 'e10adc3949ba59abbe56e057f20f883e' )  [ RunTime:0.001184s ]
INFO: [ app_end ] --START--
INFO: Run Behavior\ShowPageTraceBehavior [ RunTime:0.000413s ]
INFO: [ app_end ] --END-- [ RunTime:0.000500s ]

