[ 2018-01-05T09:15:43+08:00 ] ::1 /kintime-webapp/PHP/home/foods/tui
INFO: [ app_begin ] --START--
INFO: Run Behavior\ReadHtmlCacheBehavior [ RunTime:0.013790s ]
INFO: [ app_begin ] --END-- [ RunTime:0.023151s ]
NOTIC: [8] Trying to get property of non-object C:\wamp64\www\kintime-webapp\PHP\Application\Home\Controller\FoodsController.class.php 第 703 行.
NOTIC: [8] Trying to get property of non-object C:\wamp64\www\kintime-webapp\PHP\Application\Home\Controller\FoodsController.class.php 第 704 行.
NOTIC: [8] Trying to get property of non-object C:\wamp64\www\kintime-webapp\PHP\Application\Home\Controller\FoodsController.class.php 第 705 行.
NOTIC: [8192] mysql_connect(): The mysql extension is deprecated and will be removed in the future: use mysqli or PDO instead C:\wamp64\www\kintime-webapp\PHP\ThinkPHP\Library\Think\Db\Driver\Mysql.class.php 第 52 行.
SQL: SHOW COLUMNS FROM `ddan` [ RunTime:0.002238s ]
SQL: SHOW COLUMNS FROM `s_ddan` [ RunTime:0.001618s ]
SQL: SELECT * FROM `ddan` WHERE ( id= ) LIMIT 1   [ RunTime:0.001000s ]
ERR: 1064:You have an error in your SQL syntax; check the manual that corresponds to your MySQL server version for the right syntax to use near ') LIMIT 1' at line 1
 [ SQL语句 ] : SELECT * FROM `ddan` WHERE ( id= ) LIMIT 1  
INFO: [ app_end ] --START--
INFO: Run Behavior\ShowPageTraceBehavior [ RunTime:0.012636s ]
INFO: [ app_end ] --END-- [ RunTime:0.012791s ]

[ 2018-01-05T09:16:00+08:00 ] ::1 /kintime-webapp/PHP/home/foods/tui
INFO: [ app_begin ] --START--
INFO: Run Behavior\ReadHtmlCacheBehavior [ RunTime:0.000529s ]
INFO: [ app_begin ] --END-- [ RunTime:0.000893s ]
NOTIC: [8] Trying to get property of non-object C:\wamp64\www\kintime-webapp\PHP\Application\Home\Controller\FoodsController.class.php 第 703 行.
NOTIC: [8] Trying to get property of non-object C:\wamp64\www\kintime-webapp\PHP\Application\Home\Controller\FoodsController.class.php 第 704 行.
NOTIC: [8] Trying to get property of non-object C:\wamp64\www\kintime-webapp\PHP\Application\Home\Controller\FoodsController.class.php 第 705 行.
NOTIC: [8192] mysql_connect(): The mysql extension is deprecated and will be removed in the future: use mysqli or PDO instead C:\wamp64\www\kintime-webapp\PHP\ThinkPHP\Library\Think\Db\Driver\Mysql.class.php 第 52 行.
SQL: SHOW COLUMNS FROM `ddan` [ RunTime:0.001275s ]
SQL: SHOW COLUMNS FROM `s_ddan` [ RunTime:0.000805s ]
SQL: SELECT * FROM `ddan` WHERE ( id= ) LIMIT 1   [ RunTime:0.000929s ]
ERR: 1064:You have an error in your SQL syntax; check the manual that corresponds to your MySQL server version for the right syntax to use near ') LIMIT 1' at line 1
 [ SQL语句 ] : SELECT * FROM `ddan` WHERE ( id= ) LIMIT 1  
INFO: [ app_end ] --START--
INFO: Run Behavior\ShowPageTraceBehavior [ RunTime:0.000510s ]
INFO: [ app_end ] --END-- [ RunTime:0.000585s ]

[ 2018-01-05T09:16:56+08:00 ] ::1 /kintime-webapp/PHP/home/foods/tui
INFO: [ app_begin ] --START--
INFO: Run Behavior\ReadHtmlCacheBehavior [ RunTime:0.000535s ]
INFO: [ app_begin ] --END-- [ RunTime:0.001054s ]
NOTIC: [8] Trying to get property of non-object C:\wamp64\www\kintime-webapp\PHP\Application\Home\Controller\FoodsController.class.php 第 703 行.
NOTIC: [8] Trying to get property of non-object C:\wamp64\www\kintime-webapp\PHP\Application\Home\Controller\FoodsController.class.php 第 704 行.
NOTIC: [8] Trying to get property of non-object C:\wamp64\www\kintime-webapp\PHP\Application\Home\Controller\FoodsController.class.php 第 705 行.
NOTIC: [8192] mysql_connect(): The mysql extension is deprecated and will be removed in the future: use mysqli or PDO instead C:\wamp64\www\kintime-webapp\PHP\ThinkPHP\Library\Think\Db\Driver\Mysql.class.php 第 52 行.
SQL: SHOW COLUMNS FROM `ddan` [ RunTime:0.001896s ]
SQL: SHOW COLUMNS FROM `s_ddan` [ RunTime:0.001691s ]
SQL: SELECT * FROM `ddan` WHERE ( id= ) LIMIT 1   [ RunTime:0.000980s ]
ERR: 1064:You have an error in your SQL syntax; check the manual that corresponds to your MySQL server version for the right syntax to use near ') LIMIT 1' at line 1
 [ SQL语句 ] : SELECT * FROM `ddan` WHERE ( id= ) LIMIT 1  
INFO: [ app_end ] --START--
INFO: Run Behavior\ShowPageTraceBehavior [ RunTime:0.000473s ]
INFO: [ app_end ] --END-- [ RunTime:0.000558s ]

[ 2018-01-05T09:36:17+08:00 ] ::1 /kintime-webapp/PHP/home/foods/tui
INFO: [ app_begin ] --START--
INFO: Run Behavior\ReadHtmlCacheBehavior [ RunTime:0.000555s ]
INFO: [ app_begin ] --END-- [ RunTime:0.000953s ]
NOTIC: [8] Trying to get property of non-object C:\wamp64\www\kintime-webapp\PHP\Application\Home\Controller\FoodsController.class.php 第 703 行.
NOTIC: [8] Trying to get property of non-object C:\wamp64\www\kintime-webapp\PHP\Application\Home\Controller\FoodsController.class.php 第 704 行.
NOTIC: [8] Trying to get property of non-object C:\wamp64\www\kintime-webapp\PHP\Application\Home\Controller\FoodsController.class.php 第 705 行.
NOTIC: [8192] mysql_connect(): The mysql extension is deprecated and will be removed in the future: use mysqli or PDO instead C:\wamp64\www\kintime-webapp\PHP\ThinkPHP\Library\Think\Db\Driver\Mysql.class.php 第 52 行.
SQL: SHOW COLUMNS FROM `ddan` [ RunTime:0.003428s ]
SQL: SHOW COLUMNS FROM `s_ddan` [ RunTime:0.001731s ]
SQL: SELECT * FROM `ddan` WHERE ( id= ) LIMIT 1   [ RunTime:0.001021s ]
ERR: 1064:You have an error in your SQL syntax; check the manual that corresponds to your MySQL server version for the right syntax to use near ') LIMIT 1' at line 1
 [ SQL语句 ] : SELECT * FROM `ddan` WHERE ( id= ) LIMIT 1  
INFO: [ app_end ] --START--
INFO: Run Behavior\ShowPageTraceBehavior [ RunTime:0.000523s ]
INFO: [ app_end ] --END-- [ RunTime:0.000597s ]

[ 2018-01-05T09:36:29+08:00 ] ::1 /kintime-webapp/PHP/home/foods/tui
INFO: [ app_begin ] --START--
INFO: Run Behavior\ReadHtmlCacheBehavior [ RunTime:0.000418s ]
INFO: [ app_begin ] --END-- [ RunTime:0.000735s ]
NOTIC: [8] Trying to get property of non-object C:\wamp64\www\kintime-webapp\PHP\Application\Home\Controller\FoodsController.class.php 第 703 行.
NOTIC: [8] Trying to get property of non-object C:\wamp64\www\kintime-webapp\PHP\Application\Home\Controller\FoodsController.class.php 第 704 行.
NOTIC: [8] Trying to get property of non-object C:\wamp64\www\kintime-webapp\PHP\Application\Home\Controller\FoodsController.class.php 第 705 行.
NOTIC: [8192] mysql_connect(): The mysql extension is deprecated and will be removed in the future: use mysqli or PDO instead C:\wamp64\www\kintime-webapp\PHP\ThinkPHP\Library\Think\Db\Driver\Mysql.class.php 第 52 行.
SQL: SHOW COLUMNS FROM `ddan` [ RunTime:0.001922s ]
SQL: SHOW COLUMNS FROM `s_ddan` [ RunTime:0.001920s ]
SQL: SELECT * FROM `ddan` WHERE ( id= ) LIMIT 1   [ RunTime:0.000953s ]
ERR: 1064:You have an error in your SQL syntax; check the manual that corresponds to your MySQL server version for the right syntax to use near ') LIMIT 1' at line 1
 [ SQL语句 ] : SELECT * FROM `ddan` WHERE ( id= ) LIMIT 1  
INFO: [ app_end ] --START--
INFO: Run Behavior\ShowPageTraceBehavior [ RunTime:0.000482s ]
INFO: [ app_end ] --END-- [ RunTime:0.000566s ]

[ 2018-01-05T09:38:04+08:00 ] ::1 /kintime-webapp/PHP/home/foods/tui
INFO: [ app_begin ] --START--
INFO: Run Behavior\ReadHtmlCacheBehavior [ RunTime:0.000518s ]
INFO: [ app_begin ] --END-- [ RunTime:0.000861s ]
NOTIC: [8] Trying to get property of non-object C:\wamp64\www\kintime-webapp\PHP\Application\Home\Controller\FoodsController.class.php 第 703 行.
NOTIC: [8] Trying to get property of non-object C:\wamp64\www\kintime-webapp\PHP\Application\Home\Controller\FoodsController.class.php 第 704 行.
NOTIC: [8] Trying to get property of non-object C:\wamp64\www\kintime-webapp\PHP\Application\Home\Controller\FoodsController.class.php 第 705 行.
NOTIC: [8192] mysql_connect(): The mysql extension is deprecated and will be removed in the future: use mysqli or PDO instead C:\wamp64\www\kintime-webapp\PHP\ThinkPHP\Library\Think\Db\Driver\Mysql.class.php 第 52 行.
SQL: SHOW COLUMNS FROM `ddan` [ RunTime:0.002591s ]
SQL: SHOW COLUMNS FROM `s_ddan` [ RunTime:0.001786s ]
SQL: SELECT * FROM `ddan` WHERE ( id= ) LIMIT 1   [ RunTime:0.000907s ]
ERR: 1064:You have an error in your SQL syntax; check the manual that corresponds to your MySQL server version for the right syntax to use near ') LIMIT 1' at line 1
 [ SQL语句 ] : SELECT * FROM `ddan` WHERE ( id= ) LIMIT 1  
INFO: [ app_end ] --START--
INFO: Run Behavior\ShowPageTraceBehavior [ RunTime:0.000515s ]
INFO: [ app_end ] --END-- [ RunTime:0.000589s ]

[ 2018-01-05T09:38:56+08:00 ] ::1 /kintime-webapp/PHP/home/foods/tui
INFO: [ app_begin ] --START--
INFO: Run Behavior\ReadHtmlCacheBehavior [ RunTime:0.000442s ]
INFO: [ app_begin ] --END-- [ RunTime:0.000873s ]
NOTIC: [8] Trying to get property of non-object C:\wamp64\www\kintime-webapp\PHP\Application\Home\Controller\FoodsController.class.php 第 703 行.
NOTIC: [8] Trying to get property of non-object C:\wamp64\www\kintime-webapp\PHP\Application\Home\Controller\FoodsController.class.php 第 704 行.
NOTIC: [8] Trying to get property of non-object C:\wamp64\www\kintime-webapp\PHP\Application\Home\Controller\FoodsController.class.php 第 705 行.
NOTIC: [8192] mysql_connect(): The mysql extension is deprecated and will be removed in the future: use mysqli or PDO instead C:\wamp64\www\kintime-webapp\PHP\ThinkPHP\Library\Think\Db\Driver\Mysql.class.php 第 52 行.
SQL: SHOW COLUMNS FROM `ddan` [ RunTime:0.001949s ]
SQL: SHOW COLUMNS FROM `s_ddan` [ RunTime:0.001849s ]
SQL: SELECT * FROM `ddan` WHERE ( id= ) LIMIT 1   [ RunTime:0.000976s ]
ERR: 1064:You have an error in your SQL syntax; check the manual that corresponds to your MySQL server version for the right syntax to use near ') LIMIT 1' at line 1
 [ SQL语句 ] : SELECT * FROM `ddan` WHERE ( id= ) LIMIT 1  
INFO: [ app_end ] --START--
INFO: Run Behavior\ShowPageTraceBehavior [ RunTime:0.000485s ]
INFO: [ app_end ] --END-- [ RunTime:0.000593s ]

[ 2018-01-05T09:39:24+08:00 ] ::1 /kintime-webapp/PHP/home/foods/tui
INFO: [ app_begin ] --START--
INFO: Run Behavior\ReadHtmlCacheBehavior [ RunTime:0.000559s ]
INFO: [ app_begin ] --END-- [ RunTime:0.001065s ]
NOTIC: [8] Trying to get property of non-object C:\wamp64\www\kintime-webapp\PHP\Application\Home\Controller\FoodsController.class.php 第 703 行.
NOTIC: [8] Trying to get property of non-object C:\wamp64\www\kintime-webapp\PHP\Application\Home\Controller\FoodsController.class.php 第 704 行.
NOTIC: [8] Trying to get property of non-object C:\wamp64\www\kintime-webapp\PHP\Application\Home\Controller\FoodsController.class.php 第 705 行.
NOTIC: [8192] mysql_connect(): The mysql extension is deprecated and will be removed in the future: use mysqli or PDO instead C:\wamp64\www\kintime-webapp\PHP\ThinkPHP\Library\Think\Db\Driver\Mysql.class.php 第 52 行.
SQL: SHOW COLUMNS FROM `ddan` [ RunTime:0.002459s ]
SQL: SHOW COLUMNS FROM `s_ddan` [ RunTime:0.001573s ]
SQL: SELECT * FROM `ddan` WHERE ( id= ) LIMIT 1   [ RunTime:0.000918s ]
ERR: 1064:You have an error in your SQL syntax; check the manual that corresponds to your MySQL server version for the right syntax to use near ') LIMIT 1' at line 1
 [ SQL语句 ] : SELECT * FROM `ddan` WHERE ( id= ) LIMIT 1  
INFO: [ app_end ] --START--
INFO: Run Behavior\ShowPageTraceBehavior [ RunTime:0.000539s ]
INFO: [ app_end ] --END-- [ RunTime:0.000617s ]

[ 2018-01-05T09:39:38+08:00 ] ::1 /kintime-webapp/PHP/home/foods/tui
INFO: [ app_begin ] --START--
INFO: Run Behavior\ReadHtmlCacheBehavior [ RunTime:0.000411s ]
INFO: [ app_begin ] --END-- [ RunTime:0.000728s ]
NOTIC: [8] Trying to get property of non-object C:\wamp64\www\kintime-webapp\PHP\Application\Home\Controller\FoodsController.class.php 第 703 行.
NOTIC: [8] Trying to get property of non-object C:\wamp64\www\kintime-webapp\PHP\Application\Home\Controller\FoodsController.class.php 第 704 行.
NOTIC: [8] Trying to get property of non-object C:\wamp64\www\kintime-webapp\PHP\Application\Home\Controller\FoodsController.class.php 第 705 行.
NOTIC: [8192] mysql_connect(): The mysql extension is deprecated and will be removed in the future: use mysqli or PDO instead C:\wamp64\www\kintime-webapp\PHP\ThinkPHP\Library\Think\Db\Driver\Mysql.class.php 第 52 行.
SQL: SHOW COLUMNS FROM `ddan` [ RunTime:0.002212s ]
SQL: SHOW COLUMNS FROM `s_ddan` [ RunTime:0.001745s ]
SQL: SELECT * FROM `ddan` WHERE ( id= ) LIMIT 1   [ RunTime:0.000976s ]
ERR: 1064:You have an error in your SQL syntax; check the manual that corresponds to your MySQL server version for the right syntax to use near ') LIMIT 1' at line 1
 [ SQL语句 ] : SELECT * FROM `ddan` WHERE ( id= ) LIMIT 1  
INFO: [ app_end ] --START--
INFO: Run Behavior\ShowPageTraceBehavior [ RunTime:0.000469s ]
INFO: [ app_end ] --END-- [ RunTime:0.000553s ]

[ 2018-01-05T09:39:46+08:00 ] ::1 /kintime-webapp/PHP/home/foods/tui
INFO: [ app_begin ] --START--
INFO: Run Behavior\ReadHtmlCacheBehavior [ RunTime:0.000413s ]
INFO: [ app_begin ] --END-- [ RunTime:0.000714s ]
NOTIC: [8] Trying to get property of non-object C:\wamp64\www\kintime-webapp\PHP\Application\Home\Controller\FoodsController.class.php 第 703 行.
NOTIC: [8] Trying to get property of non-object C:\wamp64\www\kintime-webapp\PHP\Application\Home\Controller\FoodsController.class.php 第 704 行.
NOTIC: [8] Trying to get property of non-object C:\wamp64\www\kintime-webapp\PHP\Application\Home\Controller\FoodsController.class.php 第 705 行.
NOTIC: [8192] mysql_connect(): The mysql extension is deprecated and will be removed in the future: use mysqli or PDO instead C:\wamp64\www\kintime-webapp\PHP\ThinkPHP\Library\Think\Db\Driver\Mysql.class.php 第 52 行.
SQL: SHOW COLUMNS FROM `ddan` [ RunTime:0.002064s ]
SQL: SHOW COLUMNS FROM `s_ddan` [ RunTime:0.001769s ]
SQL: SELECT * FROM `ddan` WHERE ( id= ) LIMIT 1   [ RunTime:0.001076s ]
ERR: 1064:You have an error in your SQL syntax; check the manual that corresponds to your MySQL server version for the right syntax to use near ') LIMIT 1' at line 1
 [ SQL语句 ] : SELECT * FROM `ddan` WHERE ( id= ) LIMIT 1  
INFO: [ app_end ] --START--
INFO: Run Behavior\ShowPageTraceBehavior [ RunTime:0.000420s ]
INFO: [ app_end ] --END-- [ RunTime:0.000494s ]

